# JRE version: Java(TM) SE Runtime Environment 18.9 (11.0.10+8) (build 11.0.10+8-LTS-162)
# Java VM: Java HotSpot(TM) 64-Bit Server VM 18.9 (11.0.10+8-LTS-162, mixed mode, tiered, compressed oops, g1 gc, windows-amd64)
Heap:
 garbage-first heap   total 157696K, used 103640K [0x0000000081c00000, 0x0000000100000000)
  region size 1024K, 79 young (80896K), 2 survivors (2048K)
 Metaspace       used 69413K, capacity 71373K, committed 71680K, reserved 1112064K
  class space    used 8375K, capacity 9135K, committed 9216K, reserved 1048576K
GC Heap History (10 events):
Event: 534.396 GC heap before
{Heap before GC invocations=24 (full 0):
 garbage-first heap   total 157696K, used 113891K [0x0000000081c00000, 0x0000000100000000)
  region size 1024K, 92 young (94208K), 6 survivors (6144K)
 Metaspace       used 68886K, capacity 70854K, committed 71040K, reserved 1112064K
  class space    used 8307K, capacity 9050K, committed 9088K, reserved 1048576K
}
Event: 534.404 GC heap after
{Heap after GC invocations=25 (full 0):
 garbage-first heap   total 157696K, used 26692K [0x0000000081c00000, 0x0000000100000000)
  region size 1024K, 6 young (6144K), 6 survivors (6144K)
 Metaspace       used 68886K, capacity 70854K, committed 71040K, reserved 1112064K
  class space    used 8307K, capacity 9050K, committed 9088K, reserved 1048576K
}
Event: 559.255 GC heap before
{Heap before GC invocations=25 (full 0):
 garbage-first heap   total 157696K, used 113732K [0x0000000081c00000, 0x0000000100000000)
  region size 1024K, 92 young (94208K), 6 survivors (6144K)
 Metaspace       used 68891K, capacity 70854K, committed 71040K, reserved 1112064K
  class space    used 8308K, capacity 9050K, committed 9088K, reserved 1048576K
}
Event: 559.263 GC heap after
{Heap after GC invocations=26 (full 0):
 garbage-first heap   total 157696K, used 26700K [0x0000000081c00000, 0x0000000100000000)
  region size 1024K, 6 young (6144K), 6 survivors (6144K)
 Metaspace       used 68891K, capacity 70854K, committed 71040K, reserved 1112064K
  class space    used 8308K, capacity 9050K, committed 9088K, reserved 1048576K
}
Event: 585.796 GC heap before
{Heap before GC invocations=26 (full 0):
 garbage-first heap   total 157696K, used 113740K [0x0000000081c00000, 0x0000000100000000)
  region size 1024K, 92 young (94208K), 6 survivors (6144K)
 Metaspace       used 68914K, capacity 70886K, committed 71040K, reserved 1112064K
  class space    used 8313K, capacity 9082K, committed 9088K, reserved 1048576K
}
Event: 585.805 GC heap after
{Heap after GC invocations=27 (full 0):
 garbage-first heap   total 157696K, used 26711K [0x0000000081c00000, 0x0000000100000000)
  region size 1024K, 6 young (6144K), 6 survivors (6144K)
 Metaspace       used 68914K, capacity 70886K, committed 71040K, reserved 1112064K
  class space    used 8313K, capacity 9082K, committed 9088K, reserved 1048576K
}
Event: 612.683 GC heap before
{Heap before GC invocations=27 (full 0):
 garbage-first heap   total 157696K, used 113751K [0x0000000081c00000, 0x0000000100000000)
  region size 1024K, 92 young (94208K), 6 survivors (6144K)
 Metaspace       used 68918K, capacity 70886K, committed 71040K, reserved 1112064K
  class space    used 8315K, capacity 9082K, committed 9088K, reserved 1048576K
}
Event: 612.693 GC heap after
{Heap after GC invocations=28 (full 0):
 garbage-first heap   total 157696K, used 26810K [0x0000000081c00000, 0x0000000100000000)
  region size 1024K, 5 young (5120K), 5 survivors (5120K)
 Metaspace       used 68918K, capacity 70886K, committed 71040K, reserved 1112064K
  class space    used 8315K, capacity 9082K, committed 9088K, reserved 1048576K
}
Event: 639.752 GC heap before
{Heap before GC invocations=28 (full 0):
 garbage-first heap   total 157696K, used 115898K [0x0000000081c00000, 0x0000000100000000)
  region size 1024K, 92 young (94208K), 5 survivors (5120K)
 Metaspace       used 68933K, capacity 70886K, committed 71040K, reserved 1112064K
  class space    used 8316K, capacity 9082K, committed 9088K, reserved 1048576K
}
Event: 639.769 GC heap after
{Heap after GC invocations=29 (full 0):
 garbage-first heap   total 157696K, used 26840K [0x0000000081c00000, 0x0000000100000000)
  region size 1024K, 2 young (2048K), 2 survivors (2048K)
 Metaspace       used 68933K, capacity 70886K, committed 71040K, reserved 1112064K
  class space    used 8316K, capacity 9082K, committed 9088K, reserved 1048576K
}

